<?xml version="1.0" encoding="UTF-8"?>
<testsuite xmlns:xsi="http://www.w3.org/2001/XMLSchema-instance" xsi:noNamespaceSchemaLocation="https://maven.apache.org/surefire/maven-surefire-plugin/xsd/surefire-test-report.xsd" version="3.0.2" name="com.example.uni.UniApplicationTests" time="2.732" tests="1" errors="0" skipped="0" failures="0">
  <properties>
[...]
</properties>
  <testcase name="contextLoads" classname="com.example.uni.UniApplicationTests" time="0.388">
    <system-out><![CDATA[13:08:36.621 [main] INFO org.springframework.test.context.support.AnnotationConfigContextLoaderUtils -- Could not detect default configuration classes for test class [com.example.uni.UniApplicationTests]: UniApplicationTests does not declare any static, non-private, non-final, nested classes annotated with @Configuration.
13:08:36.696 [main] INFO org.springframework.boot.test.context.SpringBootTestContextBootstrapper -- Found @SpringBootConfiguration com.example.uni.UniApplication for test class com.example.uni.UniApplicationTests

  .   ____          _            __ _ _
 /\\ / ___'_ __ _ _(_)_ __  __ _ \ \ \ \
( ( )\___ | '_ | '_| | '_ \/ _` | \ \ \ \
 \\/  ___)| |_)| | | | | || (_| |  ) ) ) )
  '  |____| .__|_| |_|_| |_\__, | / / / /
 =========|_|==============|___/=/_/_/_/

 :: Spring Boot ::                (v3.4.4)

2025-03-25T13:08:36.993+02:00  INFO 17916 --- [uni] [           main] com.example.uni.UniApplicationTests      : Starting UniApplicationTests using Java 20 with PID 17916 (started by User in C:\Users\User\Desktop\uni)
2025-03-25T13:08:36.994+02:00  INFO 17916 --- [uni] [           main] com.example.uni.UniApplicationTests      : No active profile set, falling back to 1 default profile: "default"
2025-03-25T13:08:37.424+02:00  INFO 17916 --- [uni] [           main] .s.d.r.c.RepositoryConfigurationDelegate : Bootstrapping Spring Data JPA repositories in DEFAULT mode.
2025-03-25T13:08:37.440+02:00  INFO 17916 --- [uni] [           main] .s.d.r.c.RepositoryConfigurationDelegate : Finished Spring Data repository scanning in 9 ms. Found 0 JPA repository interfaces.
2025-03-25T13:08:37.687+02:00  INFO 17916 --- [uni] [           main] com.zaxxer.hikari.HikariDataSource       : HikariPool-1 - Starting...
2025-03-25T13:08:37.815+02:00  INFO 17916 --- [uni] [           main] com.zaxxer.hikari.pool.HikariPool        : HikariPool-1 - Added connection conn0: url=jdbc:h2:mem:8cedc22b-a7e4-42f0-9194-a1424e9afd15 user=SA
2025-03-25T13:08:37.817+02:00  INFO 17916 --- [uni] [           main] com.zaxxer.hikari.HikariDataSource       : HikariPool-1 - Start completed.
2025-03-25T13:08:37.850+02:00  INFO 17916 --- [uni] [           main] o.hibernate.jpa.internal.util.LogHelper  : HHH000204: Processing PersistenceUnitInfo [name: default]
2025-03-25T13:08:37.885+02:00  INFO 17916 --- [uni] [           main] org.hibernate.Version                    : HHH000412: Hibernate ORM core version 6.6.11.Final
2025-03-25T13:08:37.910+02:00  INFO 17916 --- [uni] [           main] o.h.c.internal.RegionFactoryInitiator    : HHH000026: Second-level cache disabled
2025-03-25T13:08:38.122+02:00  INFO 17916 --- [uni] [           main] o.s.o.j.p.SpringPersistenceUnitInfo      : No LoadTimeWeaver setup: ignoring JPA class transformer
2025-03-25T13:08:38.185+02:00  INFO 17916 --- [uni] [           main] org.hibernate.orm.connections.pooling    : HHH10001005: Database info:
	Database JDBC URL [Connecting through datasource 'HikariDataSource (HikariPool-1)']
	Database driver: undefined/unknown
	Database version: 2.3.232
	Autocommit mode: undefined/unknown
	Isolation level: undefined/unknown
	Minimum pool size: undefined/unknown
	Maximum pool size: undefined/unknown
2025-03-25T13:08:38.410+02:00  INFO 17916 --- [uni] [           main] o.h.e.t.j.p.i.JtaPlatformInitiator       : HHH000489: No JTA platform available (set 'hibernate.transaction.jta.platform' to enable JTA platform integration)
2025-03-25T13:08:38.413+02:00  INFO 17916 --- [uni] [           main] j.LocalContainerEntityManagerFactoryBean : Initialized JPA EntityManagerFactory for persistence unit 'default'
2025-03-25T13:08:38.516+02:00  WARN 17916 --- [uni] [           main] JpaBaseConfiguration$JpaWebConfiguration : spring.jpa.open-in-view is enabled by default. Therefore, database queries may be performed during view rendering. Explicitly configure spring.jpa.open-in-view to disable this warning
2025-03-25T13:08:38.728+02:00  WARN 17916 --- [uni] [           main] ion$DefaultTemplateResolverConfiguration : Cannot find template location: classpath:/templates/ (please add some templates, check your Thymeleaf configuration, or set spring.thymeleaf.check-template-location=false)
2025-03-25T13:08:38.822+02:00  INFO 17916 --- [uni] [           main] com.example.uni.UniApplicationTests      : Started UniApplicationTests in 2.013 seconds (process running for 2.783)
]]></system-out>
  </testcase>
</testsuite>